The system is: Windows - 10.0.19043 - AMD64
Compiling the CXX compiler identification source file "CMakeCXXCompilerId.cpp" succeeded.
Compiler: D:/Studia/Visual Studio/vstudio/VC/Tools/MSVC/14.30.30705/bin/Hostx64/x64/cl.exe 
Build flags: 
Id flags:  

The output was:
0
Microsoft (R) C/C++ wersja kompilatora optymalizującego 19.30.30706 dla x64
Copyright (C) Microsoft Corporation. Wszystkie prawa zastrzeżone.

CMakeCXXCompilerId.cpp
Microsoft (R) Incremental Linker Version 14.30.30706.0
Copyright (C) Microsoft Corporation.  All rights reserved.

/out:CMakeCXXCompilerId.exe 
CMakeCXXCompilerId.obj 


Compilation of the CXX compiler identification source "CMakeCXXCompilerId.cpp" produced "CMakeCXXCompilerId.exe"

Compilation of the CXX compiler identification source "CMakeCXXCompilerId.cpp" produced "CMakeCXXCompilerId.obj"

The CXX compiler identification is MSVC, found in "D:/Studia/programowanie3D/3d-main/3d-main/out/build/x64-Debug/CMakeFiles/3.21.21080301-MSVC_2/CompilerIdCXX/CMakeCXXCompilerId.exe"

Compiling the C compiler identification source file "CMakeCCompilerId.c" succeeded.
Compiler: D:/Studia/Visual Studio/vstudio/VC/Tools/MSVC/14.30.30705/bin/Hostx64/x64/cl.exe 
Build flags: 
Id flags:  

The output was:
0
Microsoft (R) C/C++ wersja kompilatora optymalizującego 19.30.30706 dla x64
Copyright (C) Microsoft Corporation. Wszystkie prawa zastrzeżone.

CMakeCCompilerId.c
Microsoft (R) Incremental Linker Version 14.30.30706.0
Copyright (C) Microsoft Corporation.  All rights reserved.

/out:CMakeCCompilerId.exe 
CMakeCCompilerId.obj 


Compilation of the C compiler identification source "CMakeCCompilerId.c" produced "CMakeCCompilerId.exe"

Compilation of the C compiler identification source "CMakeCCompilerId.c" produced "CMakeCCompilerId.obj"

The C compiler identification is MSVC, found in "D:/Studia/programowanie3D/3d-main/3d-main/out/build/x64-Debug/CMakeFiles/3.21.21080301-MSVC_2/CompilerIdC/CMakeCCompilerId.exe"

Detecting CXX compiler ABI info compiled with the following output:
Change Dir: D:/Studia/programowanie3D/3d-main/3d-main/out/build/x64-Debug/CMakeFiles/CMakeTmp

Run Build Command(s):D:/Studia/Visual Studio/vstudio/Common7/IDE/CommonExtensions/Microsoft/CMake/Ninja/ninja.exe cmTC_dc046 && [1/2] Building CXX object CMakeFiles\cmTC_dc046.dir\CMakeCXXCompilerABI.cpp.obj
[2/2] Linking CXX executable cmTC_dc046.exe



Detecting C compiler ABI info compiled with the following output:
Change Dir: D:/Studia/programowanie3D/3d-main/3d-main/out/build/x64-Debug/CMakeFiles/CMakeTmp

Run Build Command(s):D:/Studia/Visual Studio/vstudio/Common7/IDE/CommonExtensions/Microsoft/CMake/Ninja/ninja.exe cmTC_85b63 && [1/2] Building C object CMakeFiles\cmTC_85b63.dir\CMakeCCompilerABI.c.obj
[2/2] Linking C executable cmTC_85b63.exe



